<?xml version="1.0" encoding="UTF-8"?>
<!-- Generated by org.testng.reporters.JUnitReportReporter -->
<testsuite hostname="ResJammer" failures="0" tests="4" name="tests.TS_Filter" time="14.120" errors="0" timestamp="2020-10-28T14:38:36 IST" skipped="0">
  <testcase classname="tests.TS_Filter" name="languagesDisplayed" time="11.403"/>
  <testcase classname="tests.TS_Filter" name="extractLanguageDetails" time="1.772"/>
  <testcase classname="tests.TS_Filter" name="levelsDisplayed" time="0.809"/>
  <testcase classname="tests.TS_Filter" name="extractLevelsDetails" time="0.136"/>
</testsuite> <!-- tests.TS_Filter -->
