<?xml version="1.0" encoding="UTF-8"?>
<!-- Generated by org.testng.reporters.JUnitReportReporter -->
<testsuite hostname="ResJammer" failures="0" tests="6" name="tests.TS_CourseSearch" time="17.122" errors="0" timestamp="2020-10-28T14:38:36 IST" skipped="0">
  <testcase classname="tests.TS_CourseSearch" name="TC_SearchTextBox" time="1.069"/>
  <testcase classname="tests.TS_CourseSearch" name="TC_SearchButtonClickable" time="2.008"/>
  <testcase classname="tests.TS_CourseSearch" name="TC_FilterLanguage" time="5.805"/>
  <testcase classname="tests.TS_CourseSearch" name="TC_FilterLevel" time="2.146"/>
  <testcase classname="tests.TS_CourseSearch" name="TC_CourseAvailability" time="0.157"/>
  <testcase classname="tests.TS_CourseSearch" name="TC_CourseDuration" time="5.937"/>
</testsuite> <!-- tests.TS_CourseSearch -->
