<?xml version="1.0" encoding="UTF-8"?>
<!-- Generated by org.testng.reporters.JUnitReportReporter -->
<testsuite hostname="ResJammer" failures="0" tests="1" name="tests.TS_FormFillupValid" time="29.540" errors="0" timestamp="2020-10-28T14:38:36 IST" skipped="0">
  <testcase classname="tests.TS_FormFillupValid" name="TC_validData" time="29.540"/>
</testsuite> <!-- tests.TS_FormFillupValid -->
